<?xml version="1.0" encoding="UTF-8"?>
<!-- Generated by org.testng.reporters.JUnitReportReporter -->
<testsuite hostname="Sanjeve" failures="0" tests="1" name="test.Remove_iteamfromcart" time="1.013" errors="0" timestamp="2024-09-17T09:46:12 IST" skipped="0">
  <testcase classname="test.Remove_iteamfromcart" name="removeiteam" time="1.013"/>
</testsuite> <!-- test.Remove_iteamfromcart -->
