<?xml version="1.0" encoding="UTF-8"?>
<!-- Generated by org.testng.reporters.JUnitReportReporter -->
<testsuite hostname="Sanjeve" failures="0" tests="2" name="test.Filter_option$Correctcred" time="2.552" errors="0" timestamp="2024-09-17T09:46:12 IST" skipped="0">
  <testcase classname="test.Filter_option$Correctcred" name="CorrectCredentials" time="1.085"/>
  <testcase classname="test.Filter_option$Correctcred" name="filteroption" time="1.467"/>
</testsuite> <!-- test.Filter_option$Correctcred -->
