<?xml version="1.0" encoding="UTF-8"?>
<!-- Generated by org.testng.reporters.JUnitReportReporter -->
<testsuite hostname="Sanjeve" failures="0" tests="1" name="test.Add1product" time="1.727" errors="0" timestamp="2024-09-17T09:46:12 IST" skipped="0">
  <testcase classname="test.Add1product" name="test5" time="1.727"/>
</testsuite> <!-- test.Add1product -->
