<?xml version="1.0" encoding="UTF-8"?>
<!-- Generated by org.testng.reporters.JUnitReportReporter -->
<testsuite hostname="Sanjeve" failures="0" tests="1" name="test.Checkadded_product" time="2.757" errors="0" timestamp="2024-09-17T09:46:12 IST" skipped="0">
  <testcase classname="test.Checkadded_product" name="test6" time="2.757"/>
</testsuite> <!-- test.Checkadded_product -->
